nohup: ignoring input
█Getting uuid of QR code.
Downloading QR code.
                                                  ██████████████████████████████████████████████████████████████████████████████
██              ████  ██████    ██████        ████  ██  ██████              ██
██  ██████████  ████  ██  ██████████████████████████  ████████  ██████████  ██
██  ██      ██  ██                  ██  ██  ██  ████  ██    ██  ██      ██  ██
██  ██      ██  ██  ██  ██  ████  ██  ██████  ██████        ██  ██      ██  ██
██  ██      ██  ████  ██  ████████  ██    ████    ██    ██████  ██      ██  ██
██  ██████████  ██████    ████    ██  ██          ████  ██████  ██████████  ██
██              ██  ██  ██  ██  ██  ██  ██  ██  ██  ██  ██  ██              ██
████████████████████  ████    ██    ██████████  ██    ██    ██████████████████
████████    ██    ██    ████  ████  ████████████  ██████████████████    ██████
██████  ██    ██    ██████████████████████      ████  ██      ██    ████  ████
████    ████    ██  ██      ██  ██      ████      ██  ██        ████  ████  ██
████  ██    ████  ██      ██  ██  ██      ██  ██    ██    ██            ██  ██
██  ██      ██      ████  ██████    ██      ██████  ████    ██    ██        ██
██████    ██████    ████      ████  ██      ██    ████        ████  ██  ██████
██████  ██        ██      ████  ██  ██████    ██  ██  ██  ██    ██          ██
██  ██  ██    ████      ██  ████    ██████  ██  ██  ████  ██  ████        ████
████████  ████      ██  ██      ████████████    ████  ████  ██    ████  ██  ██
██        ██  ██      ████████    ████  ████████      ██  ██  ██  ██████  ████
████    ██  ██        ████  ████  ██      ████████  ████  ██████  ████  ██  ██
██    ██  ██████      ██  ████    ██      ██    ██    ██████  ██████  ████████
████████  ██            ██    ██    ██████          ██  ██      ██    ████████
██  ████████████████    ██  ██      ██████      ██    ██    ████    ██  ██████
██  ██  ██  ██    ██  ████  ████  ██████    ██████  ████  ██  ████  ██████  ██
██  ██        ██████  ██      ██    ██████  ████    ██        ██  ████      ██
██  ██    ██    ██████████      ██████  ██    ██████    ██████    ██  ████  ██
██  ████    ██████        ████      ████        ██  ██        ████  ██    ████
██    ██  ████    ██  ██████  ██            ██  ████        ██  ██████      ██
██  ████    ██████████████  ████████████████    ██  ██  ██    ██    ██  ██████
██  ██  ████        ████  ████  ████  ██    ██    ██  ████          ██  ██████
██████████████████  ██      ████  ██    ████  ██  ██  ████  ██████        ████
██              ██    ██    ██      ████████████    ██████  ██  ██      ██  ██
██  ██████████  ████████████    ██  ██  ████  ██  ██    ██  ██████    ██  ████
██  ██      ██  ██  ████████    ██  ██  ██  ██████  ████            ████  ████
██  ██      ██  ██  ████████  ██████        ██████████      ██  ████  ████████
██  ██      ██  ████  ██████    ██    ████      ██    ████  ████            ██
██  ██████████  ██████      ██████████  ████    ██████  ██████  ██  ██      ██
██              ████  ████  ██████    ██      ████  ██████  ██  ████  ████  ██
██████████████████████████████████████████████████████████████████████████████
Please scan the QR code to log in.
Traceback (most recent call last):
  File "/home/iosdevlog/.local/lib/python3.6/site-packages/urllib3/connectionpool.py", line 377, in _make_request
    httplib_response = conn.getresponse(buffering=True)
TypeError: getresponse() got an unexpected keyword argument 'buffering'

During handling of the above exception, another exception occurred:

Traceback (most recent call last):
  File "growth15.py", line 46, in <module>
    itchat.auto_login(enableCmdQR=2)
  File "/home/iosdevlog/.local/lib/python3.6/site-packages/itchat/components/register.py", line 36, in auto_login
    loginCallback=loginCallback, exitCallback=exitCallback)
  File "/home/iosdevlog/.local/lib/python3.6/site-packages/itchat/components/login.py", line 53, in login
    status = self.check_login()
  File "/home/iosdevlog/.local/lib/python3.6/site-packages/itchat/components/login.py", line 133, in check_login
    r = self.s.get(url, params=params, headers=headers)
  File "/home/iosdevlog/.local/lib/python3.6/site-packages/requests/sessions.py", line 546, in get
    return self.request('GET', url, **kwargs)
  File "/home/iosdevlog/.local/lib/python3.6/site-packages/requests/sessions.py", line 533, in request
    resp = self.send(prep, **send_kwargs)
  File "/home/iosdevlog/.local/lib/python3.6/site-packages/requests/sessions.py", line 646, in send
    r = adapter.send(request, **kwargs)
  File "/home/iosdevlog/.local/lib/python3.6/site-packages/requests/adapters.py", line 449, in send
    timeout=timeout
  File "/home/iosdevlog/.local/lib/python3.6/site-packages/urllib3/connectionpool.py", line 600, in urlopen
    chunked=chunked)
  File "/home/iosdevlog/.local/lib/python3.6/site-packages/urllib3/connectionpool.py", line 380, in _make_request
    httplib_response = conn.getresponse()
  File "/usr/lib/python3.6/http/client.py", line 1331, in getresponse
    response.begin()
  File "/usr/lib/python3.6/http/client.py", line 297, in begin
    version, status, reason = self._read_status()
  File "/usr/lib/python3.6/http/client.py", line 258, in _read_status
    line = str(self.fp.readline(_MAXLINE + 1), "iso-8859-1")
  File "/usr/lib/python3.6/socket.py", line 586, in readinto
    return self._sock.recv_into(b)
  File "/usr/lib/python3.6/ssl.py", line 1012, in recv_into
    return self.read(nbytes, buffer)
  File "/usr/lib/python3.6/ssl.py", line 874, in read
    return self._sslobj.read(len, buffer)
  File "/usr/lib/python3.6/ssl.py", line 631, in read
    v = self._sslobj.read(len, buffer)
KeyboardInterrupt
